<?xml version="1.0" encoding="UTF-8"?>
<testng-results skipped="0" failed="0" total="1" passed="1">
  <reporter-output>
    <line>
      <![CDATA[before Suite]]>
    </line>
    <line>
      <![CDATA[beforeTest]]>
    </line>
    <line>
      <![CDATA[test]]>
    </line>
  </reporter-output>
  <suite name="Default suite" duration-ms="15" started-at="2019-06-10T04:07:02Z" finished-at="2019-06-10T04:07:02Z">
    <groups>
    </groups>
    <test name="Default test" duration-ms="15" started-at="2019-06-10T04:07:02Z" finished-at="2019-06-10T04:07:02Z">
      <class name="autoittesting.Testnggggg">
        <test-method status="PASS" signature="beforesuite()[pri:0, instance:autoittesting.Testnggggg@7907ec20]" name="beforesuite" is-config="true" duration-ms="10" started-at="2019-06-10T09:37:02Z" finished-at="2019-06-10T09:37:02Z">
          <reporter-output>
            <line>
              <![CDATA[before Suite]]>
            </line>
          </reporter-output>
        </test-method> <!-- beforesuite -->
        <test-method status="PASS" signature="beforeMethod()[pri:0, instance:autoittesting.Testnggggg@7907ec20]" name="beforeMethod" is-config="true" duration-ms="1" started-at="2019-06-10T09:37:02Z" finished-at="2019-06-10T09:37:02Z">
          <reporter-output>
            <line>
              <![CDATA[beforeTest]]>
            </line>
          </reporter-output>
        </test-method> <!-- beforeMethod -->
        <test-method status="PASS" signature="test()[pri:0, instance:autoittesting.Testnggggg@7907ec20]" name="test" duration-ms="4" started-at="2019-06-10T09:37:02Z" finished-at="2019-06-10T09:37:02Z">
          <reporter-output>
            <line>
              <![CDATA[test]]>
            </line>
          </reporter-output>
        </test-method> <!-- test -->
      </class> <!-- autoittesting.Testnggggg -->
    </test> <!-- Default test -->
  </suite> <!-- Default suite -->
</testng-results>
